#
# There is insufficient memory for the Java Runtime Environment to continue.
# Native memory allocation (malloc) failed to allocate 727696 bytes for Chunk::new
# Possible reasons:
#   The system is out of physical RAM or swap space
#   The process is running with CompressedOops enabled, and the Java Heap may be blocking the growth of the native heap
# Possible solutions:
#   Reduce memory load on the system
#   Increase physical memory or swap space
#   Check if swap backing store is full
#   Decrease Java heap size (-Xmx/-Xms)
#   Decrease number of Java threads
#   Decrease Java thread stack sizes (-Xss)
#   Set larger code cache with -XX:ReservedCodeCacheSize=
#   JVM is running with Unscaled Compressed Oops mode in which the Java heap is
#     placed in the first 4GB address space. The Java Heap base address is the
#     maximum limit for the native heap growth. Please use -XX:HeapBaseMinAddress
#     to set the Java Heap base and to place the Java Heap above 4GB virtual address.
# This output file may be truncated or incomplete.
#
#  Out of Memory Error (./open/src/hotspot/share/memory/arena.cpp:197), pid=24840, tid=21568
#
# JRE version: Java(TM) SE Runtime Environment 18.9 (11.0.8+10) (build 11.0.8+10-LTS)
# Java VM: Java HotSpot(TM) 64-Bit Server VM 18.9 (11.0.8+10-LTS, mixed mode, tiered, compressed oops, parallel gc, windows-amd64)
# No core dump will be written. Minidumps are not enabled by default on client versions of Windows
#

---------------  S U M M A R Y ------------

Command Line: --add-modules=ALL-SYSTEM --add-opens=java.base/java.util=ALL-UNNAMED --add-opens=java.base/java.lang=ALL-UNNAMED -Declipse.application=org.eclipse.jdt.ls.core.id1 -Dosgi.bundles.defaultStartLevel=4 -Declipse.product=org.eclipse.jdt.ls.core.product -Dfile.encoding=utf8 -DwatchParentProcess=false -XX:+UseParallelGC -XX:GCTimeRatio=4 -XX:AdaptiveSizePolicyWeight=90 -Dsun.zip.disableMemoryMapping=true -Xmx1G -Xms100m -javaagent:c:\Users\Jack\.vscode\extensions\gabrielbb.vscode-lombok-1.0.1\server\lombok.jar -Xverify:none c:\Users\Jack\.vscode\extensions\redhat.java-0.79.1\server\plugins\org.eclipse.equinox.launcher_1.6.100.v20201223-0822.jar -configuration c:\Users\Jack\AppData\Roaming\Code\User\globalStorage\redhat.java\0.79.1\config_ss_win -data c:\Users\Jack\AppData\Roaming\Code\User\workspaceStorage\b83ea98c8e836d9a31b35081c66a951d\redhat.java\ss_ws

Host: Intel(R) Core(TM) i7-6500U CPU @ 2.50GHz, 4 cores, 15G,  Windows 10 , 64 bit Build 17763 (10.0.17763.1879)
Time: Tue May 11 13:36:16 2021 ¢¥eCN©öI¡¾©ö C¡ÍA¨ª¨öA elapsed time: 16 seconds (0d 0h 0m 16s)

---------------  T H R E A D  ---------------

Current thread (0x000002347ac43800):  JavaThread "C2 CompilerThread0" daemon [_thread_in_native, id=21568, stack(0x0000006fb3c00000,0x0000006fb3d00000)]


Current CompileTask:
C2:  16750 3188       4       jdk.internal.jimage.ImageReader$SharedImageReader::makeDirectories (54 bytes)

Stack: [0x0000006fb3c00000,0x0000006fb3d00000]
Native frames: (J=compiled Java code, j=interpreted, Vv=VM code, C=native code)
V  [jvm.dll+0x601aea]
V  [jvm.dll+0x737fef]
V  [jvm.dll+0x739675]
V  [jvm.dll+0x739cf3]
V  [jvm.dll+0x242848]
V  [jvm.dll+0xb999c]
V  [jvm.dll+0xb9f2c]
V  [jvm.dll+0x3441a7]
V  [jvm.dll+0x312003]
V  [jvm.dll+0x31134a]
V  [jvm.dll+0x1fc2e5]
V  [jvm.dll+0x1fb49f]
V  [jvm.dll+0x17e0fc]
V  [jvm.dll+0x20aaa4]
V  [jvm.dll+0x208b7b]
V  [jvm.dll+0x6ff90c]
V  [jvm.dll+0x6f845c]
V  [jvm.dll+0x600d66]
C  [ucrtbase.dll+0x2268a]
C  [KERNEL32.DLL+0x17974]
C  [ntdll.dll+0x5a2f1]


---------------  P R O C E S S  ---------------

Threads class SMR info:
_java_thread_list=0x000002347cb190c0, length=21, elements={
0x00000234616e2000, 0x000002347ac20800, 0x000002347ac22000, 0x000002347ba58800,
0x000002347ac42800, 0x000002347ac43800, 0x000002347ac4c800, 0x000002347bac8000,
0x000002347bbc4000, 0x000002347bd2b000, 0x000002347c9f8000, 0x000002347d26f800,
0x000002347cb01800, 0x000002347cefb800, 0x000002347d30b000, 0x000002347db7f800,
0x000002347d290800, 0x000002347db5a800, 0x000002347db58800, 0x000002347c9be800,
0x000002347db59000
}

Java Threads: ( => current thread )
  0x00000234616e2000 JavaThread "main" [_thread_blocked, id=27772, stack(0x0000006fb3500000,0x0000006fb3600000)]
  0x000002347ac20800 JavaThread "Reference Handler" daemon [_thread_blocked, id=3456, stack(0x0000006fb3800000,0x0000006fb3900000)]
  0x000002347ac22000 JavaThread "Finalizer" daemon [_thread_blocked, id=19396, stack(0x0000006fb3900000,0x0000006fb3a00000)]
  0x000002347ba58800 JavaThread "Signal Dispatcher" daemon [_thread_blocked, id=27860, stack(0x0000006fb3a00000,0x0000006fb3b00000)]
  0x000002347ac42800 JavaThread "Attach Listener" daemon [_thread_blocked, id=21460, stack(0x0000006fb3b00000,0x0000006fb3c00000)]
=>0x000002347ac43800 JavaThread "C2 CompilerThread0" daemon [_thread_in_native, id=21568, stack(0x0000006fb3c00000,0x0000006fb3d00000)]
  0x000002347ac4c800 JavaThread "C1 CompilerThread0" daemon [_thread_blocked, id=16488, stack(0x0000006fb3d00000,0x0000006fb3e00000)]
  0x000002347bac8000 JavaThread "Sweeper thread" daemon [_thread_blocked, id=10000, stack(0x0000006fb3e00000,0x0000006fb3f00000)]
  0x000002347bbc4000 JavaThread "Common-Cleaner" daemon [_thread_blocked, id=27688, stack(0x0000006fb3f00000,0x0000006fb4000000)]
  0x000002347bd2b000 JavaThread "Service Thread" daemon [_thread_blocked, id=27244, stack(0x0000006fb4000000,0x0000006fb4100000)]
  0x000002347c9f8000 JavaThread "Active Thread: Equinox Container: 110165ac-ee9b-492d-b684-2be6c7dd8c49" [_thread_blocked, id=4764, stack(0x0000006fb4400000,0x0000006fb4500000)]
  0x000002347d26f800 JavaThread "Framework Event Dispatcher: Equinox Container: 110165ac-ee9b-492d-b684-2be6c7dd8c49" daemon [_thread_blocked, id=1364, stack(0x0000006fb4200000,0x0000006fb4300000)]
  0x000002347cb01800 JavaThread "Start Level: Equinox Container: 110165ac-ee9b-492d-b684-2be6c7dd8c49" daemon [_thread_blocked, id=27936, stack(0x0000006fb4500000,0x0000006fb4600000)]
  0x000002347cefb800 JavaThread "SCR Component Actor" daemon [_thread_blocked, id=18324, stack(0x0000006fb4600000,0x0000006fb4700000)]
  0x000002347d30b000 JavaThread "Worker-JM" [_thread_blocked, id=3544, stack(0x0000006fb4a00000,0x0000006fb4b00000)]
  0x000002347db7f800 JavaThread "Worker-0" [_thread_blocked, id=22116, stack(0x0000006fb4b00000,0x0000006fb4c00000)]
  0x000002347d290800 JavaThread "Worker-1" [_thread_blocked, id=25576, stack(0x0000006fb4c00000,0x0000006fb4d00000)]
  0x000002347db5a800 JavaThread "pool-1-thread-1" [_thread_blocked, id=23892, stack(0x0000006fb4d00000,0x0000006fb4e00000)]
  0x000002347db58800 JavaThread "Worker-2: Initialize Workspace" [_thread_in_Java, id=16504, stack(0x0000006fb4900000,0x0000006fb4a00000)]
  0x000002347c9be800 JavaThread "C2 CompilerThread1" daemon [_thread_in_native, id=12216, stack(0x0000006fb4e00000,0x0000006fb4f00000)]
  0x000002347db59000 JavaThread "Worker-3" [_thread_blocked, id=24004, stack(0x0000006fb4f00000,0x0000006fb5000000)]

Other Threads:
  0x000002347abbb000 VMThread "VM Thread" [stack: 0x0000006fb3700000,0x0000006fb3800000] [id=16500]
  0x000002347bd76800 WatcherThread [stack: 0x0000006fb4100000,0x0000006fb4200000] [id=29692]
  0x00000234616fa000 GCTaskThread "ParGC Thread#0" [stack: 0x0000006fb3600000,0x0000006fb3700000] [id=28208]
  0x000002347ca18800 GCTaskThread "ParGC Thread#1" [stack: 0x0000006fb4300000,0x0000006fb4400000] [id=15140]
  0x000002347ce8f000 GCTaskThread "ParGC Thread#2" [stack: 0x0000006fb4700000,0x0000006fb4800000] [id=26980]
  0x000002347cb4f800 GCTaskThread "ParGC Thread#3" [stack: 0x0000006fb4800000,0x0000006fb4900000] [id=28848]

Threads with active compile tasks:
C2 CompilerThread0  16878 3188       4       jdk.internal.jimage.ImageReader$SharedImageReader::makeDirectories (54 bytes)
C2 CompilerThread1  16878 3172       4       jdk.internal.jrtfs.JrtFileSystem::checkNode (40 bytes)

VM state:not at safepoint (normal execution)

VM Mutex/Monitor currently owned by a thread: None

Heap address: 0x00000000c0000000, size: 1024 MB, Compressed Oops mode: 32-bit
Narrow klass base: 0x0000000000000000, Narrow klass shift: 3
Compressed class space size: 1073741824 Address: 0x0000000100000000

Heap:
 PSYoungGen      total 27136K, used 12574K [0x00000000eab00000, 0x00000000ecc00000, 0x0000000100000000)
  eden space 23040K, 36% used [0x00000000eab00000,0x00000000eb349a90,0x00000000ec180000)
  from space 4096K, 99% used [0x00000000ec680000,0x00000000eca7df88,0x00000000eca80000)
  to   space 5120K, 0% used [0x00000000ec180000,0x00000000ec180000,0x00000000ec680000)
 ParOldGen       total 68608K, used 8955K [0x00000000c0000000, 0x00000000c4300000, 0x00000000eab00000)
  object space 68608K, 13% used [0x00000000c0000000,0x00000000c08bedb0,0x00000000c4300000)
 Metaspace       used 31920K, capacity 33640K, committed 33920K, reserved 1079296K
  class space    used 3050K, capacity 3686K, committed 3712K, reserved 1048576K

Card table byte_map: [0x0000023461000000,0x0000023461210000] _byte_map_base: 0x0000023460a00000

Marking Bits: (ParMarkBitMap*) 0x00007ffaefd7e2a0
 Begin Bits: [0x0000023478a50000, 0x0000023479a50000)
 End Bits:   [0x0000023479a50000, 0x000002347aa50000)

Polling page: 0x0000023460d60000

Metaspace:

Usage:
  Non-class:     29.25 MB capacity,    28.19 MB ( 96%) used,  1018.41 KB (  3%) free+waste,    65.00 KB ( <1%) overhead. 
      Class:      3.60 MB capacity,     2.98 MB ( 83%) used,   604.95 KB ( 16%) free+waste,    31.00 KB ( <1%) overhead. 
       Both:     32.85 MB capacity,    31.17 MB ( 95%) used,     1.59 MB (  5%) free+waste,    96.00 KB ( <1%) overhead. 

Virtual space:
  Non-class space:       30.00 MB reserved,      29.50 MB ( 98%) committed 
      Class space:        1.00 GB reserved,       3.63 MB ( <1%) committed 
             Both:        1.03 GB reserved,      33.13 MB (  3%) committed 

Chunk freelists:
   Non-Class:  7.75 KB
       Class:  3.25 KB
        Both:  11.00 KB

CodeHeap 'non-profiled nmethods': size=120064Kb used=1039Kb max_used=1039Kb free=119025Kb
 bounds [0x0000023471510000, 0x0000023471780000, 0x0000023478a50000]
CodeHeap 'profiled nmethods': size=120000Kb used=6327Kb max_used=6327Kb free=113672Kb
 bounds [0x0000023469fe0000, 0x000002346a620000, 0x0000023471510000]
CodeHeap 'non-nmethods': size=5696Kb used=1184Kb max_used=1209Kb free=4512Kb
 bounds [0x0000023469a50000, 0x0000023469cc0000, 0x0000023469fe0000]
 total_blobs=3416 nmethods=2880 adapters=448
 compilation: enabled
              stopped_count=0, restarted_count=0
 full_count=0

Compilation events (10 events):
Event: 16.735 Thread 0x000002347ac4c800 3204       3       org.eclipse.core.internal.resources.Resource::getResourceInfo (14 bytes)
Event: 16.735 Thread 0x000002347ac4c800 nmethod 3204 0x000002346a601610 code [0x000002346a6017c0, 0x000002346a601a10]
Event: 16.735 Thread 0x000002347ac4c800 3206       1       org.eclipse.core.internal.dtree.AbstractDataTree::isImmutable (5 bytes)
Event: 16.735 Thread 0x000002347ac4c800 nmethod 3206 0x0000023471612e10 code [0x0000023471612fa0, 0x00000234716130b8]
Event: 16.737 Thread 0x000002347ac4c800 3207   !   3       org.eclipse.jdt.internal.compiler.impl.CompilerOptions::versionToJdkLevel (236 bytes)
Event: 16.740 Thread 0x000002347ac4c800 nmethod 3207 0x000002346a601b10 code [0x000002346a601f00, 0x000002346a603b10]
Event: 16.740 Thread 0x000002347ac4c800 3209       3       org.eclipse.jdt.internal.compiler.impl.CompilerOptions::versionToJdkLevel (6 bytes)
Event: 16.741 Thread 0x000002347ac4c800 nmethod 3209 0x000002346a604410 code [0x000002346a6045c0, 0x000002346a604730]
Event: 16.741 Thread 0x000002347ac4c800 3208       1       org.eclipse.jdt.internal.core.JarPackageFragmentRoot::isArchive (2 bytes)
Event: 16.741 Thread 0x000002347ac4c800 nmethod 3208 0x0000023471613110 code [0x00000234716132a0, 0x00000234716133b8]

GC Heap History (10 events):
Event: 6.260 GC heap before
{Heap before GC invocations=5 (full 1):
 PSYoungGen      total 29696K, used 4084K [0x00000000eab00000, 0x00000000ecc00000, 0x0000000100000000)
  eden space 25600K, 0% used [0x00000000eab00000,0x00000000eab00000,0x00000000ec400000)
  from space 4096K, 99% used [0x00000000ec800000,0x00000000ecbfd100,0x00000000ecc00000)
  to   space 4096K, 0% used [0x00000000ec400000,0x00000000ec400000,0x00000000ec800000)
 ParOldGen       total 68608K, used 3575K [0x00000000c0000000, 0x00000000c4300000, 0x00000000eab00000)
  object space 68608K, 5% used [0x00000000c0000000,0x00000000c037dfc0,0x00000000c4300000)
 Metaspace       used 20091K, capacity 21151K, committed 21248K, reserved 1069056K
  class space    used 1873K, capacity 2261K, committed 2304K, reserved 1048576K
}
Event: 6.365 GC heap after
{Heap after GC invocations=5 (full 1):
 PSYoungGen      total 29696K, used 0K [0x00000000eab00000, 0x00000000ecc00000, 0x0000000100000000)
  eden space 25600K, 0% used [0x00000000eab00000,0x00000000eab00000,0x00000000ec400000)
  from space 4096K, 0% used [0x00000000ec800000,0x00000000ec800000,0x00000000ecc00000)
  to   space 4096K, 0% used [0x00000000ec400000,0x00000000ec400000,0x00000000ec800000)
 ParOldGen       total 68608K, used 7538K [0x00000000c0000000, 0x00000000c4300000, 0x00000000eab00000)
  object space 68608K, 10% used [0x00000000c0000000,0x00000000c075cb60,0x00000000c4300000)
 Metaspace       used 20091K, capacity 21151K, committed 21248K, reserved 1069056K
  class space    used 1873K, capacity 2261K, committed 2304K, reserved 1048576K
}
Event: 12.012 GC heap before
{Heap before GC invocations=6 (full 1):
 PSYoungGen      total 29696K, used 25600K [0x00000000eab00000, 0x00000000ecc00000, 0x0000000100000000)
  eden space 25600K, 100% used [0x00000000eab00000,0x00000000ec400000,0x00000000ec400000)
  from space 4096K, 0% used [0x00000000ec800000,0x00000000ec800000,0x00000000ecc00000)
  to   space 4096K, 0% used [0x00000000ec400000,0x00000000ec400000,0x00000000ec800000)
 ParOldGen       total 68608K, used 7538K [0x00000000c0000000, 0x00000000c4300000, 0x00000000eab00000)
  object space 68608K, 10% used [0x00000000c0000000,0x00000000c075cb60,0x00000000c4300000)
 Metaspace       used 23745K, capacity 24943K, committed 25216K, reserved 1071104K
  class space    used 2133K, capacity 2590K, committed 2688K, reserved 1048576K
}
Event: 12.020 GC heap after
{Heap after GC invocations=6 (full 1):
 PSYoungGen      total 26112K, used 955K [0x00000000eab00000, 0x00000000ec880000, 0x0000000100000000)
  eden space 25088K, 0% used [0x00000000eab00000,0x00000000eab00000,0x00000000ec380000)
  from space 1024K, 93% used [0x00000000ec400000,0x00000000ec4eef38,0x00000000ec500000)
  to   space 2560K, 0% used [0x00000000ec600000,0x00000000ec600000,0x00000000ec880000)
 ParOldGen       total 68608K, used 7546K [0x00000000c0000000, 0x00000000c4300000, 0x00000000eab00000)
  object space 68608K, 10% used [0x00000000c0000000,0x00000000c075eb60,0x00000000c4300000)
 Metaspace       used 23745K, capacity 24943K, committed 25216K, reserved 1071104K
  class space    used 2133K, capacity 2590K, committed 2688K, reserved 1048576K
}
Event: 12.977 GC heap before
{Heap before GC invocations=7 (full 1):
 PSYoungGen      total 26112K, used 26043K [0x00000000eab00000, 0x00000000ec880000, 0x0000000100000000)
  eden space 25088K, 100% used [0x00000000eab00000,0x00000000ec380000,0x00000000ec380000)
  from space 1024K, 93% used [0x00000000ec400000,0x00000000ec4eef38,0x00000000ec500000)
  to   space 2560K, 0% used [0x00000000ec600000,0x00000000ec600000,0x00000000ec880000)
 ParOldGen       total 68608K, used 7546K [0x00000000c0000000, 0x00000000c4300000, 0x00000000eab00000)
  object space 68608K, 10% used [0x00000000c0000000,0x00000000c075eb60,0x00000000c4300000)
 Metaspace       used 27920K, capacity 29473K, committed 29696K, reserved 1075200K
  class space    used 2654K, capacity 3231K, committed 3328K, reserved 1048576K
}
Event: 12.981 GC heap after
{Heap after GC invocations=7 (full 1):
 PSYoungGen      total 27136K, used 2486K [0x00000000eab00000, 0x00000000ec900000, 0x0000000100000000)
  eden space 24576K, 0% used [0x00000000eab00000,0x00000000eab00000,0x00000000ec300000)
  from space 2560K, 97% used [0x00000000ec600000,0x00000000ec86db78,0x00000000ec880000)
  to   space 3072K, 0% used [0x00000000ec300000,0x00000000ec300000,0x00000000ec600000)
 ParOldGen       total 68608K, used 7562K [0x00000000c0000000, 0x00000000c4300000, 0x00000000eab00000)
  object space 68608K, 11% used [0x00000000c0000000,0x00000000c0762b78,0x00000000c4300000)
 Metaspace       used 27920K, capacity 29473K, committed 29696K, reserved 1075200K
  class space    used 2654K, capacity 3231K, committed 3328K, reserved 1048576K
}
Event: 15.430 GC heap before
{Heap before GC invocations=8 (full 1):
 PSYoungGen      total 27136K, used 27062K [0x00000000eab00000, 0x00000000ec900000, 0x0000000100000000)
  eden space 24576K, 99% used [0x00000000eab00000,0x00000000ec2ffff0,0x00000000ec300000)
  from space 2560K, 97% used [0x00000000ec600000,0x00000000ec86db78,0x00000000ec880000)
  to   space 3072K, 0% used [0x00000000ec300000,0x00000000ec300000,0x00000000ec600000)
 ParOldGen       total 68608K, used 7562K [0x00000000c0000000, 0x00000000c4300000, 0x00000000eab00000)
  object space 68608K, 11% used [0x00000000c0000000,0x00000000c0762b78,0x00000000c4300000)
 Metaspace       used 30957K, capacity 32739K, committed 32768K, reserved 1079296K
  class space    used 2937K, capacity 3578K, committed 3584K, reserved 1048576K
}
Event: 15.556 GC heap after
{Heap after GC invocations=8 (full 1):
 PSYoungGen      total 27136K, used 3068K [0x00000000eab00000, 0x00000000eca80000, 0x0000000100000000)
  eden space 24064K, 0% used [0x00000000eab00000,0x00000000eab00000,0x00000000ec280000)
  from space 3072K, 99% used [0x00000000ec300000,0x00000000ec5ff070,0x00000000ec600000)
  to   space 4096K, 0% used [0x00000000ec680000,0x00000000ec680000,0x00000000eca80000)
 ParOldGen       total 68608K, used 8201K [0x00000000c0000000, 0x00000000c4300000, 0x00000000eab00000)
  object space 68608K, 11% used [0x00000000c0000000,0x00000000c08027a8,0x00000000c4300000)
 Metaspace       used 30957K, capacity 32739K, committed 32768K, reserved 1079296K
  class space    used 2937K, capacity 3578K, committed 3584K, reserved 1048576K
}
Event: 16.496 GC heap before
{Heap before GC invocations=9 (full 1):
 PSYoungGen      total 27136K, used 27132K [0x00000000eab00000, 0x00000000eca80000, 0x0000000100000000)
  eden space 24064K, 100% used [0x00000000eab00000,0x00000000ec280000,0x00000000ec280000)
  from space 3072K, 99% used [0x00000000ec300000,0x00000000ec5ff070,0x00000000ec600000)
  to   space 4096K, 0% used [0x00000000ec680000,0x00000000ec680000,0x00000000eca80000)
 ParOldGen       total 68608K, used 8201K [0x00000000c0000000, 0x00000000c4300000, 0x00000000eab00000)
  object space 68608K, 11% used [0x00000000c0000000,0x00000000c08027a8,0x00000000c4300000)
 Metaspace       used 31844K, capacity 33640K, committed 33920K, reserved 1079296K
  class space    used 3042K, capacity 3686K, committed 3712K, reserved 1048576K
}
Event: 16.676 GC heap after
{Heap after GC invocations=9 (full 1):
 PSYoungGen      total 27136K, used 4087K [0x00000000eab00000, 0x00000000ecc00000, 0x0000000100000000)
  eden space 23040K, 0% used [0x00000000eab00000,0x00000000eab00000,0x00000000ec180000)
  from space 4096K, 99% used [0x00000000ec680000,0x00000000eca7df88,0x00000000eca80000)
  to   space 5120K, 0% used [0x00000000ec180000,0x00000000ec180000,0x00000000ec680000)
 ParOldGen       total 68608K, used 8955K [0x00000000c0000000, 0x00000000c4300000, 0x00000000eab00000)
  object space 68608K, 13% used [0x00000000c0000000,0x00000000c08bedb0,0x00000000c4300000)
 Metaspace       used 31844K, capacity 33640K, committed 33920K, reserved 1079296K
  class space    used 3042K, capacity 3686K, committed 3712K, reserved 1048576K
}

Deoptimization events (10 events):
Event: 15.560 Thread 0x000002347db58800 Uncommon trap: reason=bimorphic_or_optimized_type_check action=maybe_recompile pc=0x000002347158e35c method=java.util.HashMap.putVal(ILjava/lang/Object;Ljava/lang/Object;ZZ)Ljava/lang/Object; @ 91 c2
Event: 15.561 Thread 0x000002347db58800 Uncommon trap: reason=bimorphic_or_optimized_type_check action=maybe_recompile pc=0x000002347158e35c method=java.util.HashMap.putVal(ILjava/lang/Object;Ljava/lang/Object;ZZ)Ljava/lang/Object; @ 91 c2
Event: 15.769 Thread 0x000002347db58800 Uncommon trap: reason=bimorphic_or_optimized_type_check action=maybe_recompile pc=0x00000234715fac10 method=jdk.internal.jimage.ImageReader$SharedImageReader.findNode(Ljava/lang/String;)Ljdk/internal/jimage/ImageReader$Node; @ 22 c2
Event: 15.770 Thread 0x000002347db58800 Uncommon trap: reason=unstable_if action=reinterpret pc=0x0000023471574e3c method=java.util.WeakHashMap.expungeStaleEntries()V @ 9 c2
Event: 15.811 Thread 0x000002347db58800 Uncommon trap: reason=unstable_if action=reinterpret pc=0x00000234715fd9e8 method=jdk.internal.jimage.ImageReader$SharedImageReader.findNode(Ljava/lang/String;)Ljdk/internal/jimage/ImageReader$Node; @ 25 c2
Event: 16.163 Thread 0x000002347db7f800 Uncommon trap: reason=unstable_if action=reinterpret pc=0x0000023471601df8 method=java.util.concurrent.locks.ReentrantLock$Sync.nonfairTryAcquire(I)Z @ 34 c2
Event: 16.164 Thread 0x000002347db7f800 Uncommon trap: reason=unstable_if action=reinterpret pc=0x00000234716021f8 method=java.util.concurrent.locks.ReentrantLock$Sync.nonfairTryAcquire(I)Z @ 34 c2
Event: 16.164 Thread 0x000002347db58800 Uncommon trap: reason=unstable_if action=reinterpret pc=0x000002347160177c method=java.util.concurrent.locks.AbstractQueuedSynchronizer.release(I)Z @ 14 c2
Event: 16.167 Thread 0x000002347db58800 Uncommon trap: reason=profile_predicate action=maybe_recompile pc=0x00000234715e61a8 method=java.util.Properties.load0(Ljava/util/Properties$LineReader;)V @ 14 c2
Event: 16.170 Thread 0x000002347db7f800 Uncommon trap: reason=bimorphic_or_optimized_type_check action=maybe_recompile pc=0x00000234715ddb58 method=java.util.HashMap.putVal(ILjava/lang/Object;Ljava/lang/Object;ZZ)Ljava/lang/Object; @ 91 c2

Classes redefined (0 events):
No events

Internal exceptions (10 events):
Event: 15.910 Thread 0x000002347db7f800 Exception <a 'java/lang/ClassNotFoundException'{0x00000000eb279640}: com/sun/org/apache/xerces/internal/impl/msg/spi/DOMMessagesProvider> (0x00000000eb279640) thrown at [./open/src/hotspot/share/classfile/systemDictionary.cpp, line 228]
Event: 15.911 Thread 0x000002347db7f800 Exception <a 'java/lang/ClassNotFoundException'{0x00000000eb286cf0}: com/sun/org/apache/xerces/internal/impl/msg/spi/XMLSerializerMessagesProvider> (0x00000000eb286cf0) thrown at [./open/src/hotspot/share/classfile/systemDictionary.cpp, line 228]
Event: 15.912 Thread 0x000002347db7f800 Exception <a 'java/lang/ClassNotFoundException'{0x00000000eb32c940}: com/sun/org/apache/xerces/internal/impl/msg/spi/XMLMessagesProvider> (0x00000000eb32c940) thrown at [./open/src/hotspot/share/classfile/systemDictionary.cpp, line 228]
Event: 15.940 Thread 0x000002347db7f800 Exception <a 'java/io/FileNotFoundException'{0x00000000eb6db230}> (0x00000000eb6db230) thrown at [./open/src/hotspot/share/prims/jni.cpp, line 611]
Event: 16.011 Thread 0x000002347db58800 Exception <a 'java/io/FileNotFoundException'{0x00000000eb6e2678}> (0x00000000eb6e2678) thrown at [./open/src/hotspot/share/prims/jni.cpp, line 611]
Event: 16.014 Thread 0x000002347db58800 Exception <a 'java/lang/NoSuchMethodError'{0x00000000eb6f61e8}: java.lang.invoke.DirectMethodHandle$Holder.invokeStaticInit(Ljava/lang/Object;Ljava/lang/Object;Ljava/lang/Object;)V> (0x00000000eb6f61e8) thrown at [./open/src/hotspot/share/interpreter/link
Event: 16.156 Thread 0x000002347db7f800 Exception <a 'java/io/FileNotFoundException'{0x00000000ebf02880}> (0x00000000ebf02880) thrown at [./open/src/hotspot/share/prims/jni.cpp, line 611]
Event: 16.169 Thread 0x000002347db7f800 Exception <a 'java/io/FileNotFoundException'{0x00000000ec022fc0}> (0x00000000ec022fc0) thrown at [./open/src/hotspot/share/prims/jni.cpp, line 611]
Event: 16.729 Thread 0x000002347db7f800 Exception <a 'java/io/FileNotFoundException'{0x00000000eab59f68}> (0x00000000eab59f68) thrown at [./open/src/hotspot/share/prims/jni.cpp, line 611]
Event: 16.730 Thread 0x000002347db7f800 Exception <a 'java/io/FileNotFoundException'{0x00000000eab5b690}> (0x00000000eab5b690) thrown at [./open/src/hotspot/share/prims/jni.cpp, line 611]

Events (10 events):
Event: 16.727 Executing VM operation: RevokeBias
Event: 16.727 Executing VM operation: RevokeBias done
Event: 16.728 Executing VM operation: RevokeBias
Event: 16.728 Executing VM operation: RevokeBias done
Event: 16.728 Executing VM operation: RevokeBias
Event: 16.728 Executing VM operation: RevokeBias done
Event: 16.728 Executing VM operation: RevokeBias
Event: 16.728 Executing VM operation: RevokeBias done
Event: 16.734 Executing VM operation: RevokeBias
Event: 16.734 Executing VM operation: RevokeBias done


Dynamic libraries:
0x00007ff7e1d90000 - 0x00007ff7e1d9f000 	C:\Program Files\Java\jdk-11.0.8\bin\java.exe
0x00007ffb562b0000 - 0x00007ffb5649c000 	C:\Windows\SYSTEM32\ntdll.dll
0x00007ffb54120000 - 0x00007ffb541d3000 	C:\Windows\System32\KERNEL32.DLL
0x00007ffb523c0000 - 0x00007ffb52654000 	C:\Windows\System32\KERNELBASE.dll
0x00007ffb53360000 - 0x00007ffb5345a000 	C:\Windows\System32\ucrtbase.dll
0x00007ffb3d7f0000 - 0x00007ffb3d808000 	C:\Program Files\Java\jdk-11.0.8\bin\jli.dll
0x00007ffb53840000 - 0x00007ffb538e3000 	C:\Windows\System32\ADVAPI32.dll
0x00007ffb53680000 - 0x00007ffb5371e000 	C:\Windows\System32\msvcrt.dll
0x00007ffb548e0000 - 0x00007ffb5497e000 	C:\Windows\System32\sechost.dll
0x00007ffb53720000 - 0x00007ffb5383f000 	C:\Windows\System32\RPCRT4.dll
0x00007ffb534e0000 - 0x00007ffb53677000 	C:\Windows\System32\USER32.dll
0x00007ffb53460000 - 0x00007ffb53480000 	C:\Windows\System32\win32u.dll
0x00007ffb540f0000 - 0x00007ffb54119000 	C:\Windows\System32\GDI32.dll
0x00007ffb531c0000 - 0x00007ffb5335c000 	C:\Windows\System32\gdi32full.dll
0x00007ffb52db0000 - 0x00007ffb52e50000 	C:\Windows\System32\msvcp_win.dll
0x00007ffb3d7d0000 - 0x00007ffb3d7e5000 	C:\Program Files\Java\jdk-11.0.8\bin\VCRUNTIME140.dll
0x00007ffb404e0000 - 0x00007ffb40759000 	C:\Windows\WinSxS\amd64_microsoft.windows.common-controls_6595b64144ccf1df_6.0.17763.1879_none_de7416585348d805\COMCTL32.dll
0x00007ffb53b60000 - 0x00007ffb53e8d000 	C:\Windows\System32\combase.dll
0x00007ffb53140000 - 0x00007ffb531bf000 	C:\Windows\System32\bcryptPrimitives.dll
0x00007ffb4ba90000 - 0x00007ffb4ba9a000 	C:\Windows\SYSTEM32\VERSION.dll
0x00007ffb54270000 - 0x00007ffb5429e000 	C:\Windows\System32\IMM32.DLL
0x00007ffb26d10000 - 0x00007ffb26d78000 	C:\WWCNT\SYSTEM\printhk64.dll
0x00007ffb51220000 - 0x00007ffb51251000 	C:\Windows\SYSTEM32\ntmarta.dll
0x00007ffb3c2e0000 - 0x00007ffb3c389000 	C:\Windows\INCOPS3\esdcnl64.dll
0x00007ffb37f70000 - 0x00007ffb38055000 	C:\Windows\INCOPS3\ESATM64.dll
0x00007ffb54ca0000 - 0x00007ffb56199000 	C:\Windows\System32\SHELL32.dll
0x00007ffb530f0000 - 0x00007ffb5313a000 	C:\Windows\System32\cfgmgr32.dll
0x00007ffb53ef0000 - 0x00007ffb53f98000 	C:\Windows\System32\shcore.dll
0x000002345fd90000 - 0x00000234604db000 	C:\Windows\System32\windows.storage.dll
0x00007ffb52340000 - 0x00007ffb52364000 	C:\Windows\System32\profapi.dll
0x00007ffb522a0000 - 0x00007ffb522fd000 	C:\Windows\System32\powrprof.dll
0x00007ffb561a0000 - 0x00007ffb561f2000 	C:\Windows\System32\shlwapi.dll
0x00007ffb52300000 - 0x00007ffb52311000 	C:\Windows\System32\kernel.appcore.dll
0x00007ffb523a0000 - 0x00007ffb523b7000 	C:\Windows\System32\cryptsp.dll
0x00000234604e0000 - 0x0000023460636000 	C:\Windows\System32\ole32.dll
0x00007ffb37d00000 - 0x00007ffb37df6000 	C:\Windows\INCOPS3\ESSCNL64.dll
0x00007ffb3a9c0000 - 0x00007ffb3a9d6000 	C:\PaperSecu\SPCOREHK64.dll
0x00007ffb3a8f0000 - 0x00007ffb3a9b4000 	C:\PAPERSECU\PAPERHK64.DLL
0x00007ffb399a0000 - 0x00007ffb39a3b000 	C:\Program Files\Java\jdk-11.0.8\bin\msvcp140.dll
0x00007ffaef350000 - 0x00007ffaefe36000 	C:\Program Files\Java\jdk-11.0.8\bin\server\jvm.dll
0x00007ffb540e0000 - 0x00007ffb540e8000 	C:\Windows\System32\PSAPI.DLL
0x00007ffb37ba0000 - 0x00007ffb37ba9000 	C:\Windows\SYSTEM32\WSOCK32.dll
0x0000023460cf0000 - 0x0000023460d5d000 	C:\Windows\System32\WS2_32.dll
0x00007ffb4e730000 - 0x00007ffb4e754000 	C:\Windows\SYSTEM32\WINMM.dll
0x00007ffb4e700000 - 0x00007ffb4e72d000 	C:\Windows\SYSTEM32\WINMMBASE.dll
0x00007ffb42080000 - 0x00007ffb42090000 	C:\Program Files\Java\jdk-11.0.8\bin\verify.dll
0x00007ffb3d460000 - 0x00007ffb3d64d000 	C:\Windows\SYSTEM32\DBGHELP.DLL
0x00007ffb3d430000 - 0x00007ffb3d45a000 	C:\Windows\SYSTEM32\dbgcore.DLL
0x00007ffb39970000 - 0x00007ffb39998000 	C:\Program Files\Java\jdk-11.0.8\bin\java.dll
0x00007ffb3e5c0000 - 0x00007ffb3e5ca000 	C:\Program Files\Java\jdk-11.0.8\bin\jimage.dll
0x00007ffb3e5e0000 - 0x00007ffb3e5ee000 	C:\Program Files\Java\jdk-11.0.8\bin\instrument.dll
0x00007ffb26810000 - 0x00007ffb26826000 	C:\Program Files\Java\jdk-11.0.8\bin\zip.dll
0x00007ffb0b060000 - 0x00007ffb0b079000 	C:\Program Files\Java\jdk-11.0.8\bin\net.dll
0x00007ffb4d740000 - 0x00007ffb4d83c000 	C:\Windows\SYSTEM32\WINHTTP.dll
0x00007ffb51ae0000 - 0x00007ffb51b47000 	C:\Windows\system32\mswsock.dll
0x00007ffb0b040000 - 0x00007ffb0b052000 	C:\Program Files\Java\jdk-11.0.8\bin\nio.dll
0x00007ffb51670000 - 0x00007ffb516a3000 	C:\Windows\system32\rsaenh.dll
0x00007ffb52370000 - 0x00007ffb52396000 	C:\Windows\System32\bcrypt.dll
0x00007ffb521d0000 - 0x00007ffb521f9000 	C:\Windows\SYSTEM32\USERENV.dll
0x00007ffb51cb0000 - 0x00007ffb51cbc000 	C:\Windows\SYSTEM32\CRYPTBASE.dll
0x00007ffb51800000 - 0x00007ffb5183d000 	C:\Windows\SYSTEM32\IPHLPAPI.DLL
0x00007ffb53aa0000 - 0x00007ffb53aa8000 	C:\Windows\System32\NSI.dll
0x00007ffb4e6e0000 - 0x00007ffb4e6f6000 	C:\Windows\SYSTEM32\dhcpcsvc6.DLL
0x00007ffb4e660000 - 0x00007ffb4e67c000 	C:\Windows\SYSTEM32\dhcpcsvc.DLL
0x00007ffb51840000 - 0x00007ffb51906000 	C:\Windows\SYSTEM32\DNSAPI.dll
0x00007ffb446a0000 - 0x00007ffb446c9000 	C:\Users\Jack\AppData\Roaming\Code\User\globalStorage\redhat.java\0.79.1\config_ss_win\org.eclipse.equinox.launcher\org.eclipse.equinox.launcher.win32.win32.x86_64_1.2.200.v20210406-1409\eclipse_11401.dll

dbghelp: loaded successfully - version: 4.0.5 - missing functions: none
symbol engine: initialized successfully - sym options: 0x614 - pdb path: .;C:\Program Files\Java\jdk-11.0.8\bin;C:\Windows\SYSTEM32;C:\Windows\WinSxS\amd64_microsoft.windows.common-controls_6595b64144ccf1df_6.0.17763.1879_none_de7416585348d805;C:\WWCNT\SYSTEM;C:\Windows\INCOPS3;C:\PaperSecu;C:\Program Files\Java\jdk-11.0.8\bin\server;C:\Users\Jack\AppData\Roaming\Code\User\globalStorage\redhat.java\0.79.1\config_ss_win\org.eclipse.equinox.launcher\org.eclipse.equinox.launcher.win32.win32.x86_64_1.2.200.v20210406-1409

VM Arguments:
jvm_args: --add-modules=ALL-SYSTEM --add-opens=java.base/java.util=ALL-UNNAMED --add-opens=java.base/java.lang=ALL-UNNAMED -Declipse.application=org.eclipse.jdt.ls.core.id1 -Dosgi.bundles.defaultStartLevel=4 -Declipse.product=org.eclipse.jdt.ls.core.product -Dfile.encoding=utf8 -DwatchParentProcess=false -XX:+UseParallelGC -XX:GCTimeRatio=4 -XX:AdaptiveSizePolicyWeight=90 -Dsun.zip.disableMemoryMapping=true -Xmx1G -Xms100m -javaagent:c:\Users\Jack\.vscode\extensions\gabrielbb.vscode-lombok-1.0.1\server\lombok.jar -Xverify:none 
java_command: c:\Users\Jack\.vscode\extensions\redhat.java-0.79.1\server\plugins\org.eclipse.equinox.launcher_1.6.100.v20201223-0822.jar -configuration c:\Users\Jack\AppData\Roaming\Code\User\globalStorage\redhat.java\0.79.1\config_ss_win -data c:\Users\Jack\AppData\Roaming\Code\User\workspaceStorage\b83ea98c8e836d9a31b35081c66a951d\redhat.java\ss_ws
java_class_path (initial): c:\Users\Jack\.vscode\extensions\redhat.java-0.79.1\server\plugins\org.eclipse.equinox.launcher_1.6.100.v20201223-0822.jar
Launcher Type: SUN_STANDARD

[Global flags]
    uintx AdaptiveSizePolicyWeight                 = 90                                        {product} {command line}
     bool BytecodeVerificationLocal                = false                                     {product} {command line}
     bool BytecodeVerificationRemote               = false                                     {product} {command line}
     intx CICompilerCount                          = 3                                         {product} {ergonomic}
    uintx GCTimeRatio                              = 4                                         {product} {command line}
   size_t InitialHeapSize                          = 104857600                                 {product} {command line}
   size_t MaxHeapSize                              = 1073741824                                {product} {command line}
   size_t MaxNewSize                               = 357564416                                 {product} {ergonomic}
   size_t MinHeapDeltaBytes                        = 524288                                    {product} {ergonomic}
   size_t NewSize                                  = 34603008                                  {product} {ergonomic}
    uintx NonNMethodCodeHeapSize                   = 5830732                                {pd product} {ergonomic}
    uintx NonProfiledCodeHeapSize                  = 122913754                              {pd product} {ergonomic}
   size_t OldSize                                  = 70254592                                  {product} {ergonomic}
    uintx ProfiledCodeHeapSize                     = 122913754                              {pd product} {ergonomic}
    uintx ReservedCodeCacheSize                    = 251658240                              {pd product} {ergonomic}
     bool SegmentedCodeCache                       = true                                      {product} {ergonomic}
     bool UseCompressedClassPointers               = true                                 {lp64_product} {ergonomic}
     bool UseCompressedOops                        = true                                 {lp64_product} {ergonomic}
     bool UseLargePagesIndividualAllocation        = false                                  {pd product} {ergonomic}
     bool UseParallelGC                            = true                                      {product} {command line}

Logging:
Log output configuration:
 #0: stdout all=warning uptime,level,tags
 #1: stderr all=off uptime,level,tags

Environment Variables:
JAVA_HOME=C:\Program Files\Java\jdk-11.0.8
PATH=C:\Program Files\Common Files\Oracle\Java\javapath;C:\Python38\Scripts\;C:\Python38\;C:\Program Files (x86)\Common Files\Oracle\Java\javapath;C:\Program Files (x86)\Intel\Intel(R) Management Engine Components\iCLS\;C:\Program Files\Intel\Intel(R) Management Engine Components\iCLS\;C:\Windows\system32;C:\Windows;C:\Windows\System32\Wbem;C:\Windows\System32\WindowsPowerShell\v1.0\;C:\Windows\System32\OpenSSH\;C:\Program Files (x86)\Intel\Intel(R) Management Engine Components\DAL;C:\Program Files\Intel\Intel(R) Management Engine Components\DAL;C:\Program Files (x86)\Intel\Intel(R) Management Engine Components\IPT;C:\Program Files\Intel\Intel(R) Management Engine Components\IPT;C:\Program Files (x86)\NVIDIA Corporation\PhysX\Common;C:\Program Files\Git\cmd;C:\Program Files\Java\jdk-11.0.8\bin;C:\Program Files (x86)\mingw-w64\i686-8.1.0-posix-dwarf-rt_v6-rev0\mingw32\bin;C:\Users\Jack\Desktop\Jack\DID\spring boot\apache-maven-3.6.3\bin;C:\Program Files\nodejs\;C:\ProgramData\chocolatey\bin;C:\SoftHSM2\lib;C:\Users\Jack\AppData\Local\Programs\Python\Python38-32\Scripts\;C:\Users\Jack\AppData\Local\Programs\Python\Python38-32\;C:\Users\Jack\AppData\Local\Programs\Python\Python37\Scripts\;C:\Users\Jack\AppData\Local\Programs\Python\Python37\;C:\Users\Jack\AppData\Local\Microsoft\WindowsApps;;C:\Users\Jack\AppData\Local\Programs\Microsoft VS Code\bin;C:\Users\Jack\AppData\Roaming\npm
USERNAME=jg.kang
OS=Windows_NT
PROCESSOR_IDENTIFIER=Intel64 Family 6 Model 78 Stepping 3, GenuineIntel



---------------  S Y S T E M  ---------------

OS: Windows 10 , 64 bit Build 17763 (10.0.17763.1879)

CPU:total 4 (initial active 4) (2 cores per cpu, 2 threads per core) family 6 model 78 stepping 3, cmov, cx8, fxsr, mmx, sse, sse2, sse3, ssse3, sse4.1, sse4.2, popcnt, avx, avx2, aes, clmul, erms, 3dnowpref, lzcnt, ht, tsc, tscinvbit, bmi1, bmi2, adx, fma

Memory: 4k page, system-wide physical 16148M (1420M free)
TotalPageFile size 16148M (AvailPageFile size 5M)
current process WorkingSet (physical memory assigned to process): 135M, peak: 135M
current process commit charge ("private bytes"): 235M, peak: 236M

vm_info: Java HotSpot(TM) 64-Bit Server VM (11.0.8+10-LTS) for windows-amd64 JRE (11.0.8+10-LTS), built on Jun 16 2020 05:53:08 by "mach5one" with unknown MS VC++:1916

END.
