#
# There is insufficient memory for the Java Runtime Environment to continue.
# Native memory allocation (mmap) failed to map 266338304 bytes for Failed to commit area from 0x0000000703a00000 to 0x0000000713800000 of length 266338304.
# Possible reasons:
#   The system is out of physical RAM or swap space
#   The process is running with CompressedOops enabled, and the Java Heap may be blocking the growth of the native heap
# Possible solutions:
#   Reduce memory load on the system
#   Increase physical memory or swap space
#   Check if swap backing store is full
#   Decrease Java heap size (-Xmx/-Xms)
#   Decrease number of Java threads
#   Decrease Java thread stack sizes (-Xss)
#   Set larger code cache with -XX:ReservedCodeCacheSize=
# This output file may be truncated or incomplete.
#
#  Out of Memory Error (./open/src/hotspot/os/windows/os_windows.cpp:3275), pid=34696, tid=36488
#
# JRE version:  (11.0.8+10) (build )
# Java VM: Java HotSpot(TM) 64-Bit Server VM (11.0.8+10-LTS, mixed mode, sharing, tiered, compressed oops, g1 gc, windows-amd64)
# No core dump will be written. Minidumps are not enabled by default on client versions of Windows
#

---------------  S U M M A R Y ------------

Command Line: .\build\libs\demo-0.0.1-SNAPSHOT.jar --job.name:etlJob

Host: Intel(R) Core(TM) i7-6500U CPU @ 2.50GHz, 4 cores, 15G,  Windows 10 , 64 bit Build 17763 (10.0.17763.1879)
Time: Fri May  7 17:22:21 2021 ¢¥eCN©öI¡¾©ö C¡ÍA¨ª¨öA elapsed time: 0 seconds (0d 0h 0m 0s)

---------------  T H R E A D  ---------------

Current thread (0x000001b879348800):  JavaThread "Unknown thread" [_thread_in_vm, id=36488, stack(0x000000894d500000,0x000000894d600000)]

Stack: [0x000000894d500000,0x000000894d600000]
Native frames: (J=compiled Java code, j=interpreted, Vv=VM code, C=native code)
V  [jvm.dll+0x601aea]
V  [jvm.dll+0x737fef]
V  [jvm.dll+0x739675]
V  [jvm.dll+0x739cf3]
V  [jvm.dll+0x242848]
V  [jvm.dll+0x5fef8a]
V  [jvm.dll+0x5f3eb5]
V  [jvm.dll+0x2f651c]
V  [jvm.dll+0x2f63a2]
V  [jvm.dll+0x2fb056]
V  [jvm.dll+0x33ce9f]
V  [jvm.dll+0x33c8d0]
V  [jvm.dll+0x2d4768]
V  [jvm.dll+0x2d58c6]
V  [jvm.dll+0x713e67]
V  [jvm.dll+0x71570f]
V  [jvm.dll+0x349c19]
V  [jvm.dll+0x6f97f0]
V  [jvm.dll+0x3b2a5f]
V  [jvm.dll+0x3b4e81]
C  [jli.dll+0x5213]
C  [ucrtbase.dll+0x2268a]
C  [KERNEL32.DLL+0x17974]
C  [ntdll.dll+0x5a2f1]


---------------  P R O C E S S  ---------------

Threads class SMR info:
_java_thread_list=0x000001b8768a4330, length=0, elements={
}

Java Threads: ( => current thread )

Other Threads:
  0x000001b80002c800 GCTaskThread "GC Thread#0" [stack: 0x000000894d600000,0x000000894d700000] [id=35212]
  0x000001b80008a000 ConcurrentGCThread "G1 Main Marker" [stack: 0x000000894d700000,0x000000894d800000] [id=27816]
  0x000001b80008c000 ConcurrentGCThread "G1 Conc#0" [stack: 0x000000894d800000,0x000000894d900000] [id=28772]

[error occurred during error reporting (printing all threads), id 0xc0000005, EXCEPTION_ACCESS_VIOLATION (0xc0000005) at pc=0x00007fff0cd12f67]

VM state:not at safepoint (not fully initialized)

VM Mutex/Monitor currently owned by a thread:  ([mutex/lock_event])
[0x000001b879346f10] Heap_lock - owner thread: 0x000001b879348800

Heap address: 0x0000000703a00000, size: 4038 MB, Compressed Oops mode: Non-zero based: 0x0000000703a00000
Narrow klass base: 0x0000000000000000, Narrow klass shift: 0

GC Heap History (0 events):
No events

Deoptimization events (0 events):
No events

Classes redefined (0 events):
No events

Internal exceptions (0 events):
No events

Events (0 events):
No events


Dynamic libraries:
0x00007ff6532d0000 - 0x00007ff6532df000 	C:\Program Files\Java\jdk-11.0.8\bin\java.exe
0x00007fff53290000 - 0x00007fff5347c000 	C:\Windows\SYSTEM32\ntdll.dll
0x00007fff51aa0000 - 0x00007fff51b53000 	C:\Windows\System32\KERNEL32.DLL
0x00007fff4ff10000 - 0x00007fff501a4000 	C:\Windows\System32\KERNELBASE.dll
0x00007fff50230000 - 0x00007fff5032a000 	C:\Windows\System32\ucrtbase.dll
0x00007fff416a0000 - 0x00007fff416b8000 	C:\Program Files\Java\jdk-11.0.8\bin\jli.dll
0x00007fff51e20000 - 0x00007fff51ec3000 	C:\Windows\System32\ADVAPI32.dll
0x00007fff51ee0000 - 0x00007fff51f7e000 	C:\Windows\System32\msvcrt.dll
0x00007fff51c10000 - 0x00007fff51cae000 	C:\Windows\System32\sechost.dll
0x00007fff53090000 - 0x00007fff531af000 	C:\Windows\System32\RPCRT4.dll
0x00007fff52e90000 - 0x00007fff53027000 	C:\Windows\System32\USER32.dll
0x00007fff4faa0000 - 0x00007fff4fac0000 	C:\Windows\System32\win32u.dll
0x00007fff52130000 - 0x00007fff52159000 	C:\Windows\System32\GDI32.dll
0x00007fff4fb80000 - 0x00007fff4fd1c000 	C:\Windows\System32\gdi32full.dll
0x00007fff4fae0000 - 0x00007fff4fb80000 	C:\Windows\System32\msvcp_win.dll
0x00007fff403d0000 - 0x00007fff403e5000 	C:\Program Files\Java\jdk-11.0.8\bin\VCRUNTIME140.dll
0x00007fff3f8b0000 - 0x00007fff3fb29000 	C:\Windows\WinSxS\amd64_microsoft.windows.common-controls_6595b64144ccf1df_6.0.17763.1879_none_de7416585348d805\COMCTL32.dll
0x00007fff52620000 - 0x00007fff5294d000 	C:\Windows\System32\combase.dll
0x00007fff501b0000 - 0x00007fff5022f000 	C:\Windows\System32\bcryptPrimitives.dll
0x00007fff48ec0000 - 0x00007fff48eca000 	C:\Windows\SYSTEM32\VERSION.dll
0x00007fff51b60000 - 0x00007fff51b8e000 	C:\Windows\System32\IMM32.DLL
0x00007fff29c10000 - 0x00007fff29c78000 	C:\WWCNT\SYSTEM\printhk64.dll
0x00007fff4e200000 - 0x00007fff4e231000 	C:\Windows\SYSTEM32\ntmarta.dll
0x00007fff39410000 - 0x00007fff394b9000 	C:\Windows\INCOPS3\esdcnl64.dll
0x00007fff35330000 - 0x00007fff35415000 	C:\Windows\INCOPS3\ESATM64.dll
0x00007fff50540000 - 0x00007fff51a39000 	C:\Windows\System32\SHELL32.dll
0x00007fff50470000 - 0x00007fff504ba000 	C:\Windows\System32\cfgmgr32.dll
0x00007fff52de0000 - 0x00007fff52e88000 	C:\Windows\System32\shcore.dll
0x00007fff4f350000 - 0x00007fff4fa9b000 	C:\Windows\System32\windows.storage.dll
0x00007fff4f2a0000 - 0x00007fff4f2c4000 	C:\Windows\System32\profapi.dll
0x00007fff4f2d0000 - 0x00007fff4f32d000 	C:\Windows\System32\powrprof.dll
0x00007fff524e0000 - 0x00007fff52532000 	C:\Windows\System32\shlwapi.dll
0x00007fff4f280000 - 0x00007fff4f291000 	C:\Windows\System32\kernel.appcore.dll
0x00007fff4fac0000 - 0x00007fff4fad7000 	C:\Windows\System32\cryptsp.dll
0x00007fff52160000 - 0x00007fff522b6000 	C:\Windows\System32\ole32.dll
0x00007fff34f80000 - 0x00007fff35076000 	C:\Windows\INCOPS3\ESSCNL64.dll
0x00007fff37ec0000 - 0x00007fff37ed6000 	C:\PaperSecu\SPCOREHK64.dll
0x00007fff37df0000 - 0x00007fff37eb4000 	C:\PAPERSECU\PAPERHK64.DLL
0x00007fff40330000 - 0x00007fff403cb000 	C:\Program Files\Java\jdk-11.0.8\bin\msvcp140.dll
0x00007fff0ca30000 - 0x00007fff0d516000 	C:\Program Files\Java\jdk-11.0.8\bin\server\jvm.dll
0x00007fff525b0000 - 0x00007fff525b8000 	C:\Windows\System32\PSAPI.DLL
0x00007fff32290000 - 0x00007fff32299000 	C:\Windows\SYSTEM32\WSOCK32.dll
0x00007fff52540000 - 0x00007fff525ad000 	C:\Windows\System32\WS2_32.dll
0x00007fff4aa60000 - 0x00007fff4aa84000 	C:\Windows\SYSTEM32\WINMM.dll
0x00007fff4aa10000 - 0x00007fff4aa3d000 	C:\Windows\SYSTEM32\WINMMBASE.dll
0x00007fff4d3c0000 - 0x00007fff4d3d0000 	C:\Program Files\Java\jdk-11.0.8\bin\verify.dll
0x00007fff3aec0000 - 0x00007fff3b0ad000 	C:\Windows\SYSTEM32\DBGHELP.DLL
0x00007fff3aa90000 - 0x00007fff3aaba000 	C:\Windows\SYSTEM32\dbgcore.DLL
0x00007fff40300000 - 0x00007fff40328000 	C:\Program Files\Java\jdk-11.0.8\bin\java.dll
0x00007fff4ad70000 - 0x00007fff4ad7a000 	C:\Program Files\Java\jdk-11.0.8\bin\jimage.dll
0x00007fff40260000 - 0x00007fff40276000 	C:\Program Files\Java\jdk-11.0.8\bin\zip.dll

dbghelp: loaded successfully - version: 4.0.5 - missing functions: none
symbol engine: initialized successfully - sym options: 0x614 - pdb path: .;C:\Program Files\Java\jdk-11.0.8\bin;C:\Windows\SYSTEM32;C:\Windows\WinSxS\amd64_microsoft.windows.common-controls_6595b64144ccf1df_6.0.17763.1879_none_de7416585348d805;C:\WWCNT\SYSTEM;C:\Windows\INCOPS3;C:\PaperSecu;C:\Program Files\Java\jdk-11.0.8\bin\server

VM Arguments:
java_command: .\build\libs\demo-0.0.1-SNAPSHOT.jar --job.name:etlJob
java_class_path (initial): .\build\libs\demo-0.0.1-SNAPSHOT.jar
Launcher Type: SUN_STANDARD

[Global flags]
     intx CICompilerCount                          = 3                                         {product} {ergonomic}
     uint ConcGCThreads                            = 1                                         {product} {ergonomic}
     uint G1ConcRefinementThreads                  = 4                                         {product} {ergonomic}
   size_t G1HeapRegionSize                         = 1048576                                   {product} {ergonomic}
    uintx GCDrainStackTargetSize                   = 64                                        {product} {ergonomic}
   size_t InitialHeapSize                          = 266338304                                 {product} {ergonomic}
   size_t MarkStackSize                            = 4194304                                   {product} {ergonomic}
   size_t MaxHeapSize                              = 4234149888                                {product} {ergonomic}
   size_t MinHeapDeltaBytes                        = 1048576                                   {product} {ergonomic}
    uintx NonNMethodCodeHeapSize                   = 5830732                                {pd product} {ergonomic}
    uintx NonProfiledCodeHeapSize                  = 122913754                              {pd product} {ergonomic}
    uintx ProfiledCodeHeapSize                     = 122913754                              {pd product} {ergonomic}
    uintx ReservedCodeCacheSize                    = 251658240                              {pd product} {ergonomic}
     bool SegmentedCodeCache                       = true                                      {product} {ergonomic}
     bool UseCompressedClassPointers               = true                                 {lp64_product} {ergonomic}
     bool UseCompressedOops                        = true                                 {lp64_product} {ergonomic}
     bool UseG1GC                                  = true                                      {product} {ergonomic}
     bool UseLargePagesIndividualAllocation        = false                                  {pd product} {ergonomic}

Logging:
Log output configuration:
 #0: stdout all=warning uptime,level,tags
 #1: stderr all=off uptime,level,tags

Environment Variables:
JAVA_HOME=C:\Program Files\Java\jdk-11.0.8
PATH=C:\Program Files\Common Files\Oracle\Java\javapath;C:\Python38\Scripts\;C:\Python38\;C:\Program Files (x86)\Common Files\Oracle\Java\javapath;C:\Program Files (x86)\Intel\Intel(R) Management Engine Components\iCLS\;C:\Program Files\Intel\Intel(R) Management Engine Components\iCLS\;C:\Windows\system32;C:\Windows;C:\Windows\System32\Wbem;C:\Windows\System32\WindowsPowerShell\v1.0\;C:\Windows\System32\OpenSSH\;C:\Program Files (x86)\Intel\Intel(R) Management Engine Components\DAL;C:\Program Files\Intel\Intel(R) Management Engine Components\DAL;C:\Program Files (x86)\Intel\Intel(R) Management Engine Components\IPT;C:\Program Files\Intel\Intel(R) Management Engine Components\IPT;C:\Program Files (x86)\NVIDIA Corporation\PhysX\Common;C:\Program Files\Git\cmd;C:\Program Files\Java\jdk-11.0.8\bin;C:\Program Files (x86)\mingw-w64\i686-8.1.0-posix-dwarf-rt_v6-rev0\mingw32\bin;C:\Users\Jack\Desktop\Jack\DID\spring boot\apache-maven-3.6.3\bin;C:\Program Files\nodejs\;C:\ProgramData\chocolatey\bin;C:\SoftHSM2\lib;C:\Users\Jack\AppData\Local\Programs\Python\Python38-32\Scripts\;C:\Users\Jack\AppData\Local\Programs\Python\Python38-32\;C:\Users\Jack\AppData\Local\Programs\Python\Python37\Scripts\;C:\Users\Jack\AppData\Local\Programs\Python\Python37\;C:\Users\Jack\AppData\Local\Microsoft\WindowsApps;;C:\Users\Jack\AppData\Local\Programs\Microsoft VS Code\bin;C:\Users\Jack\AppData\Roaming\npm
USERNAME=jg.kang
OS=Windows_NT
PROCESSOR_IDENTIFIER=Intel64 Family 6 Model 78 Stepping 3, GenuineIntel



---------------  S Y S T E M  ---------------

OS: Windows 10 , 64 bit Build 17763 (10.0.17763.1879)

CPU:total 4 (initial active 4) (2 cores per cpu, 2 threads per core) family 6 model 78 stepping 3, cmov, cx8, fxsr, mmx, sse, sse2, sse3, ssse3, sse4.1, sse4.2, popcnt, avx, avx2, aes, clmul, erms, 3dnowpref, lzcnt, ht, tsc, tscinvbit, bmi1, bmi2, adx, fma

Memory: 4k page, system-wide physical 16148M (1287M free)
TotalPageFile size 16148M (AvailPageFile size 139M)
current process WorkingSet (physical memory assigned to process): 16M, peak: 16M
current process commit charge ("private bytes"): 55M, peak: 309M

vm_info: Java HotSpot(TM) 64-Bit Server VM (11.0.8+10-LTS) for windows-amd64 JRE (11.0.8+10-LTS), built on Jun 16 2020 05:53:08 by "mach5one" with unknown MS VC++:1916

END.
